CRITICAL - 2023-09-26 11:46:02 --> Undefined variable $item
in APPPATH\Views\product\list.php on line 4.
 1 APPPATH\Views\product\list.php(4): CodeIgniter\Debug\Exceptions->errorHandler(2, 'Undefined variable $item', 'C:\\laragon\\www\\lab1\\app\\Views\\product\\list.php', 4)
 2 SYSTEMPATH\View\View.php(226): include('C:\\laragon\\www\\lab1\\app\\Views\\product\\list.php')
 3 SYSTEMPATH\View\View.php(229): CodeIgniter\View\View->CodeIgniter\View\{closure}()
 4 SYSTEMPATH\Common.php(1188): CodeIgniter\View\View->render('product/list', [], true)
 5 APPPATH\Controllers\ProductController.php(64): view('product/list')
 6 SYSTEMPATH\CodeIgniter.php(919): App\Controllers\ProductController->list()
 7 SYSTEMPATH\CodeIgniter.php(494): CodeIgniter\CodeIgniter->runController(Object(App\Controllers\ProductController))
 8 SYSTEMPATH\CodeIgniter.php(353): CodeIgniter\CodeIgniter->handleRequest(null, Object(Config\Cache), false)
 9 FCPATH\index.php(79): CodeIgniter\CodeIgniter->run()
10 SYSTEMPATH\Commands\Server\rewrite.php(47): require_once('C:\\laragon\\www\\lab1\\public\\index.php')
CRITICAL - 2023-09-26 11:47:10 --> Undefined variable $pr
in APPPATH\Views\product\list.php on line 4.
 1 APPPATH\Views\product\list.php(4): CodeIgniter\Debug\Exceptions->errorHandler(2, 'Undefined variable $pr', 'C:\\laragon\\www\\lab1\\app\\Views\\product\\list.php', 4)
 2 SYSTEMPATH\View\View.php(226): include('C:\\laragon\\www\\lab1\\app\\Views\\product\\list.php')
 3 SYSTEMPATH\View\View.php(229): CodeIgniter\View\View->CodeIgniter\View\{closure}()
 4 SYSTEMPATH\Common.php(1188): CodeIgniter\View\View->render('product/list', [], true)
 5 APPPATH\Controllers\ProductController.php(64): view('product/list')
 6 SYSTEMPATH\CodeIgniter.php(919): App\Controllers\ProductController->list()
 7 SYSTEMPATH\CodeIgniter.php(494): CodeIgniter\CodeIgniter->runController(Object(App\Controllers\ProductController))
 8 SYSTEMPATH\CodeIgniter.php(353): CodeIgniter\CodeIgniter->handleRequest(null, Object(Config\Cache), false)
 9 FCPATH\index.php(79): CodeIgniter\CodeIgniter->run()
10 SYSTEMPATH\Commands\Server\rewrite.php(47): require_once('C:\\laragon\\www\\lab1\\public\\index.php')
CRITICAL - 2023-09-26 12:41:52 --> Undefined variable $product
in APPPATH\Views\product\index.php on line 32.
 1 APPPATH\Views\product\index.php(32): CodeIgniter\Debug\Exceptions->errorHandler(2, 'Undefined variable $product', 'C:\\laragon\\www\\lab1\\app\\Views\\product\\index.php', 32)
 2 SYSTEMPATH\View\View.php(226): include('C:\\laragon\\www\\lab1\\app\\Views\\product\\index.php')
 3 SYSTEMPATH\View\View.php(229): CodeIgniter\View\View->CodeIgniter\View\{closure}()
 4 SYSTEMPATH\View\View.php(467): CodeIgniter\View\View->render('product/index', null, true)
 5 APPPATH\Views\product\list.php(2): CodeIgniter\View\View->include('product/index')
 6 SYSTEMPATH\View\View.php(226): include('C:\\laragon\\www\\lab1\\app\\Views\\product\\list.php')
 7 SYSTEMPATH\View\View.php(229): CodeIgniter\View\View->CodeIgniter\View\{closure}()
 8 SYSTEMPATH\Common.php(1188): CodeIgniter\View\View->render('product/list', [], true)
 9 APPPATH\Controllers\ProductController.php(64): view('product/list')
10 SYSTEMPATH\CodeIgniter.php(919): App\Controllers\ProductController->list()
11 SYSTEMPATH\CodeIgniter.php(494): CodeIgniter\CodeIgniter->runController(Object(App\Controllers\ProductController))
12 SYSTEMPATH\CodeIgniter.php(353): CodeIgniter\CodeIgniter->handleRequest(null, Object(Config\Cache), false)
13 FCPATH\index.php(79): CodeIgniter\CodeIgniter->run()
14 SYSTEMPATH\Commands\Server\rewrite.php(47): require_once('C:\\laragon\\www\\lab1\\public\\index.php')
CRITICAL - 2023-09-26 12:43:09 --> Undefined variable $product
in APPPATH\Views\product\index.php on line 32.
 1 APPPATH\Views\product\index.php(32): CodeIgniter\Debug\Exceptions->errorHandler(2, 'Undefined variable $product', 'C:\\laragon\\www\\lab1\\app\\Views\\product\\index.php', 32)
 2 SYSTEMPATH\View\View.php(226): include('C:\\laragon\\www\\lab1\\app\\Views\\product\\index.php')
 3 SYSTEMPATH\View\View.php(229): CodeIgniter\View\View->CodeIgniter\View\{closure}()
 4 SYSTEMPATH\View\View.php(467): CodeIgniter\View\View->render('product/index', null, true)
 5 APPPATH\Views\product\list.php(2): CodeIgniter\View\View->include('product/index')
 6 SYSTEMPATH\View\View.php(226): include('C:\\laragon\\www\\lab1\\app\\Views\\product\\list.php')
 7 SYSTEMPATH\View\View.php(229): CodeIgniter\View\View->CodeIgniter\View\{closure}()
 8 SYSTEMPATH\Common.php(1188): CodeIgniter\View\View->render('product/list', [], true)
 9 APPPATH\Controllers\ProductController.php(64): view('product/list')
10 SYSTEMPATH\CodeIgniter.php(919): App\Controllers\ProductController->list()
11 SYSTEMPATH\CodeIgniter.php(494): CodeIgniter\CodeIgniter->runController(Object(App\Controllers\ProductController))
12 SYSTEMPATH\CodeIgniter.php(353): CodeIgniter\CodeIgniter->handleRequest(null, Object(Config\Cache), false)
13 FCPATH\index.php(79): CodeIgniter\CodeIgniter->run()
14 SYSTEMPATH\Commands\Server\rewrite.php(47): require_once('C:\\laragon\\www\\lab1\\public\\index.php')
CRITICAL - 2023-09-26 12:46:45 --> Undefined variable $s
in APPPATH\Views\product\list.php on line 23.
 1 APPPATH\Views\product\list.php(23): CodeIgniter\Debug\Exceptions->errorHandler(2, 'Undefined variable $s', 'C:\\laragon\\www\\lab1\\app\\Views\\product\\list.php', 23)
 2 SYSTEMPATH\View\View.php(226): include('C:\\laragon\\www\\lab1\\app\\Views\\product\\list.php')
 3 SYSTEMPATH\View\View.php(229): CodeIgniter\View\View->CodeIgniter\View\{closure}()
 4 SYSTEMPATH\Common.php(1188): CodeIgniter\View\View->render('product/list', [], true)
 5 APPPATH\Controllers\ProductController.php(64): view('product/list')
 6 SYSTEMPATH\CodeIgniter.php(919): App\Controllers\ProductController->list()
 7 SYSTEMPATH\CodeIgniter.php(494): CodeIgniter\CodeIgniter->runController(Object(App\Controllers\ProductController))
 8 SYSTEMPATH\CodeIgniter.php(353): CodeIgniter\CodeIgniter->handleRequest(null, Object(Config\Cache), false)
 9 FCPATH\index.php(79): CodeIgniter\CodeIgniter->run()
10 SYSTEMPATH\Commands\Server\rewrite.php(47): require_once('C:\\laragon\\www\\lab1\\public\\index.php')
CRITICAL - 2023-09-26 12:46:57 --> Undefined variable $s
in APPPATH\Views\product\list.php on line 23.
 1 APPPATH\Views\product\list.php(23): CodeIgniter\Debug\Exceptions->errorHandler(2, 'Undefined variable $s', 'C:\\laragon\\www\\lab1\\app\\Views\\product\\list.php', 23)
 2 SYSTEMPATH\View\View.php(226): include('C:\\laragon\\www\\lab1\\app\\Views\\product\\list.php')
 3 SYSTEMPATH\View\View.php(229): CodeIgniter\View\View->CodeIgniter\View\{closure}()
 4 SYSTEMPATH\Common.php(1188): CodeIgniter\View\View->render('product/list', [], true)
 5 APPPATH\Controllers\ProductController.php(64): view('product/list')
 6 SYSTEMPATH\CodeIgniter.php(919): App\Controllers\ProductController->list()
 7 SYSTEMPATH\CodeIgniter.php(494): CodeIgniter\CodeIgniter->runController(Object(App\Controllers\ProductController))
 8 SYSTEMPATH\CodeIgniter.php(353): CodeIgniter\CodeIgniter->handleRequest(null, Object(Config\Cache), false)
 9 FCPATH\index.php(79): CodeIgniter\CodeIgniter->run()
10 SYSTEMPATH\Commands\Server\rewrite.php(47): require_once('C:\\laragon\\www\\lab1\\public\\index.php')
